<?xml version="1.0" encoding="UTF-8"?>
<!-- Generated by org.testng.reporters.JUnitReportReporter -->
<testsuite skipped="0" hostname="DESKTOP-QS6EF70" name="practise.AppiumFramework.ApiDemoTest" tests="2" failures="0" timestamp="2020-04-26T15:45:02 BST" time="59.967" errors="0">
  <testcase name="apiDemoTest" time="28.730" classname="practise.AppiumFramework.ApiDemoTest"/>
  <system-out/>
  <testcase name="apiDemoTest" time="31.237" classname="practise.AppiumFramework.ApiDemoTest"/>
  <system-out/>
</testsuite> <!-- practise.AppiumFramework.ApiDemoTest -->
