<?xml version="1.0" encoding="UTF-8"?>
<!-- Generated by org.testng.reporters.JUnitReportReporter -->
<testsuite skipped="0" hostname="DESKTOP-QS6EF70" name="practise.AppiumFramework.Ecommerce_tc_4" tests="1" failures="0" timestamp="2020-05-02T11:31:29 BST" time="53.575" errors="0">
  <testcase name="totalValidation" time="53.575" classname="practise.AppiumFramework.Ecommerce_tc_4"/>
  <system-out/>
</testsuite> <!-- practise.AppiumFramework.Ecommerce_tc_4 -->
